<?xml version="1.0" encoding="UTF-8"?>
<testsuite name="ru.netology.MainKtTest" tests="3" skipped="0" failures="0" errors="0" timestamp="2023-02-11T18:06:54" hostname="QLIKVIEW-PC" time="0.168">
  <properties/>
  <testcase name="wallServiceUpdateTrue" classname="ru.netology.MainKtTest" time="0.167"/>
  <testcase name="wallServiceUpdateFalse" classname="ru.netology.MainKtTest" time="0.0"/>
  <testcase name="wallServiceAdd" classname="ru.netology.MainKtTest" time="0.0"/>
  <system-out><![CDATA[Post added
Post updated
Post updated
Post added
]]></system-out>
  <system-err><![CDATA[]]></system-err>
</testsuite>
